android/app/build/intermediates/manifest_merge_blame_file/debug/manifest-merger-blame-debug-report.txt
1<?xml version="1.0" encoding="utf-8"?>
2<manifest xmlns:android="http://schemas.android.com/apk/res/android"
3    package="com.sfytest"
4    android:versionCode="43"
5    android:versionName="0.1.43" >
6
7    <uses-sdk
8        android:minSdkVersion="21"
9        android:targetSdkVersion="30" />
10
11    <uses-permission android:name="android.permission.SYSTEM_ALERT_WINDOW" />
11-->src\debug\AndroidManifest.xml:5:5-77
11-->src\debug\AndroidManifest.xml:5:22-75
12    <uses-permission android:name="android.permission.INTERNET" />
12-->src\main\AndroidManifest.xml:4:5-67
12-->src\main\AndroidManifest.xml:4:22-64
13    <uses-permission android:name="android.permission.CAMERA" />
13-->src\main\AndroidManifest.xml:5:5-65
13-->src\main\AndroidManifest.xml:5:22-62
14    <uses-permission android:name="android.permission.RECORD_AUDIO" />
14-->src\main\AndroidManifest.xml:6:5-70
14-->src\main\AndroidManifest.xml:6:22-68
15    <uses-permission android:name="android.permission.READ_EXTERNAL_STORAGE" />
15-->src\main\AndroidManifest.xml:7:5-80
15-->src\main\AndroidManifest.xml:7:22-77
16    <uses-permission android:name="android.permission.WRITE_EXTERNAL_STORAGE" />
16-->src\main\AndroidManifest.xml:8:5-81
16-->src\main\AndroidManifest.xml:8:22-78
17    <uses-permission android:name="android.permission.ACCESS_FINE_LOCATION" />
17-->src\main\AndroidManifest.xml:9:5-78
17-->src\main\AndroidManifest.xml:9:22-76
18    <uses-permission android:name="android.permission.ACCESS_COARSE_LOCATION" />
18-->src\main\AndroidManifest.xml:10:5-80
18-->src\main\AndroidManifest.xml:10:22-78
19    <uses-permission android:name="android.permission.ACCESS_WIFI_STATE" />
19-->[com.facebook.flipper:flipper:0.99.0] AndroidManifest.xml:16:5-76
19-->[com.facebook.flipper:flipper:0.99.0] AndroidManifest.xml:16:22-73
20
21    <uses-feature
21-->[:react-native-camera] AndroidManifest.xml:11:5-13:36
22        android:name="android.hardware.camera"
22-->[:react-native-camera] AndroidManifest.xml:12:9-47
23        android:required="false" />
23-->[:react-native-camera] AndroidManifest.xml:13:9-33
24    <uses-feature
24-->[:react-native-camera] AndroidManifest.xml:14:5-16:36
25        android:name="android.hardware.camera.autofocus"
25-->[:react-native-camera] AndroidManifest.xml:15:9-57
26        android:required="false" />
26-->[:react-native-camera] AndroidManifest.xml:16:9-33
27
28    <queries>
28-->[:react-native-image-crop-picker] AndroidManifest.xml:9:5-13:15
29        <intent>
29-->[:react-native-image-crop-picker] AndroidManifest.xml:10:9-12:18
30            <action android:name="android.media.action.IMAGE_CAPTURE" />
30-->[:react-native-image-crop-picker] AndroidManifest.xml:11:13-73
30-->[:react-native-image-crop-picker] AndroidManifest.xml:11:21-70
31        </intent>
32        <!-- Added to check if Chrome is installed for browser-based payment authentication (e.g. 3DS1). -->
33        <package android:name="com.android.chrome" />
33-->[com.stripe:payments-core:18.1.0] AndroidManifest.xml:13:9-54
33-->[com.stripe:payments-core:18.1.0] AndroidManifest.xml:13:18-51
34    </queries> <!-- Although the *SdkVersion is captured in gradle build files, this is required for non gradle builds -->
35    <!-- <uses-sdk android:minSdkVersion="14"/> -->
36    <uses-permission android:name="android.permission.ACCESS_NETWORK_STATE" />
36-->[com.google.android.datatransport:transport-backend-cct:2.3.3] AndroidManifest.xml:25:5-79
36-->[com.google.android.datatransport:transport-backend-cct:2.3.3] AndroidManifest.xml:25:22-76
37    <uses-permission android:name="android.permission.WAKE_LOCK" />
37-->[com.google.android.gms:play-services-measurement-api:19.0.2] AndroidManifest.xml:24:5-68
37-->[com.google.android.gms:play-services-measurement-api:19.0.2] AndroidManifest.xml:24:22-65
38    <uses-permission android:name="android.permission.RECEIVE_BOOT_COMPLETED" />
38-->[androidx.work:work-runtime:2.5.0] AndroidManifest.xml:27:5-81
38-->[androidx.work:work-runtime:2.5.0] AndroidManifest.xml:27:22-78
39    <uses-permission android:name="android.permission.FOREGROUND_SERVICE" />
39-->[androidx.work:work-runtime:2.5.0] AndroidManifest.xml:28:5-77
39-->[androidx.work:work-runtime:2.5.0] AndroidManifest.xml:28:22-74
40    <uses-permission android:name="com.google.android.gms.permission.AD_ID" />
40-->[com.facebook.android:facebook-core:14.1.0] AndroidManifest.xml:28:5-79
40-->[com.facebook.android:facebook-core:14.1.0] AndroidManifest.xml:28:22-76
41
42    <uses-feature
42-->[com.google.android.gms:play-services-maps:17.0.0] AndroidManifest.xml:26:5-28:35
43        android:glEsVersion="0x00020000"
43-->[com.google.android.gms:play-services-maps:17.0.0] AndroidManifest.xml:27:9-41
44        android:required="true" />
44-->[com.google.android.gms:play-services-maps:17.0.0] AndroidManifest.xml:28:9-32
45
46    <uses-permission android:name="com.google.android.finsky.permission.BIND_GET_INSTALL_REFERRER_SERVICE" />
46-->[com.google.android.gms:play-services-measurement:19.0.2] AndroidManifest.xml:26:5-110
46-->[com.google.android.gms:play-services-measurement:19.0.2] AndroidManifest.xml:26:22-107
47
48    <application
48-->src\main\AndroidManifest.xml:12:5-49:19
49        android:name="com.sfytest.MainApplication"
49-->src\main\AndroidManifest.xml:13:7-38
50        android:allowBackup="false"
50-->src\main\AndroidManifest.xml:17:7-34
51        android:appComponentFactory="androidx.core.app.CoreComponentFactory"
51-->[androidx.core:core:1.6.0] AndroidManifest.xml:24:18-86
52        android:debuggable="true"
53        android:icon="@mipmap/ic_launcher"
53-->src\main\AndroidManifest.xml:15:7-41
54        android:label="@string/app_name"
54-->src\main\AndroidManifest.xml:14:7-39
55        android:roundIcon="@mipmap/ic_launcher_round"
55-->src\main\AndroidManifest.xml:16:7-52
56        android:supportsRtl="true"
56-->[com.facebook.android:facebook-android-sdk:14.1.0] AndroidManifest.xml:28:18-44
57        android:testOnly="true"
58        android:theme="@style/AppTheme"
58-->src\main\AndroidManifest.xml:18:7-38
59        android:usesCleartextTraffic="true" >
59-->src\main\AndroidManifest.xml:19:7-42
60        <activity android:name="com.facebook.react.devsupport.DevSettingsActivity" />
60-->src\debug\AndroidManifest.xml:11:9-86
60-->src\debug\AndroidManifest.xml:11:19-83
61
62        <meta-data
62-->src\main\AndroidManifest.xml:21:7-22:50
63            android:name="com.facebook.sdk.ApplicationId"
63-->src\main\AndroidManifest.xml:21:18-63
64            android:value="@string/facebook_app_id" />
64-->src\main\AndroidManifest.xml:22:9-48
65        <meta-data
65-->src\main\AndroidManifest.xml:23:9-114
66            android:name="com.facebook.sdk.ClientToken"
66-->src\main\AndroidManifest.xml:23:20-63
67            android:value="d95a0076136d0459093fa4c2a4529d6b" />
67-->src\main\AndroidManifest.xml:23:64-112
68
69        <activity
69-->src\main\AndroidManifest.xml:24:7-44:18
70            android:name="com.sfytest.MainActivity"
70-->src\main\AndroidManifest.xml:25:9-37
71            android:configChanges="keyboard|keyboardHidden|orientation|screenSize|uiMode"
71-->src\main\AndroidManifest.xml:27:9-86
72            android:label="@string/app_name"
72-->src\main\AndroidManifest.xml:26:9-41
73            android:launchMode="singleTask"
73-->src\main\AndroidManifest.xml:28:9-40
74            android:windowSoftInputMode="adjustResize" >
74-->src\main\AndroidManifest.xml:29:9-51
75            <intent-filter>
75-->src\main\AndroidManifest.xml:30:9-33:25
76                <action android:name="android.intent.action.MAIN" />
76-->src\main\AndroidManifest.xml:31:13-65
76-->src\main\AndroidManifest.xml:31:21-62
77
78                <category android:name="android.intent.category.LAUNCHER" />
78-->src\main\AndroidManifest.xml:32:13-73
78-->src\main\AndroidManifest.xml:32:23-70
79            </intent-filter>
80            <intent-filter android:label="SFY" >
80-->src\main\AndroidManifest.xml:35:9-43:25
80-->src\main\AndroidManifest.xml:35:24-43
81                <action android:name="android.intent.action.VIEW" />
81-->src\main\AndroidManifest.xml:36:11-63
81-->src\main\AndroidManifest.xml:36:19-60
82
83                <category android:name="android.intent.category.DEFAULT" />
83-->src\main\AndroidManifest.xml:37:11-70
83-->src\main\AndroidManifest.xml:37:21-67
84                <category android:name="android.intent.category.BROWSABLE" />
84-->src\main\AndroidManifest.xml:38:11-72
84-->src\main\AndroidManifest.xml:38:21-69
85
86                <data
86-->src\main\AndroidManifest.xml:39:11-42:13
87                    android:host="dev.sporforya.com"
87-->src\main\AndroidManifest.xml:40:17-49
88                    android:pathPrefix="/home"
88-->src\main\AndroidManifest.xml:41:17-43
89                    android:scheme="https" />
89-->src\main\AndroidManifest.xml:39:17-39
90            </intent-filter>
91        </activity>
92
93        <meta-data
93-->src\main\AndroidManifest.xml:45:7-47:64
94            android:name="com.google.android.geo.API_KEY"
94-->src\main\AndroidManifest.xml:46:7-52
95            android:value="AIzaSyCRnY0kpnuIfEjpf5PC-9Fh8M9cJTb2R6A" />
95-->src\main\AndroidManifest.xml:47:7-62
96
97        <uses-library
97-->src\main\AndroidManifest.xml:48:7-85
98            android:name="org.apache.http.legacy"
98-->src\main\AndroidManifest.xml:48:21-58
99            android:required="false" />
99-->src\main\AndroidManifest.xml:48:59-83
100
101        <provider
101-->[:react-native-image-crop-picker] AndroidManifest.xml:18:9-26:20
102            android:name="androidx.core.content.FileProvider"
102-->[:react-native-image-crop-picker] AndroidManifest.xml:19:13-62
103            android:authorities="com.sfytest.provider"
103-->[:react-native-image-crop-picker] AndroidManifest.xml:20:13-60
104            android:exported="false"
104-->[:react-native-image-crop-picker] AndroidManifest.xml:21:13-37
105            android:grantUriPermissions="true" >
105-->[:react-native-image-crop-picker] AndroidManifest.xml:22:13-47
106            <meta-data
106-->[:react-native-image-crop-picker] AndroidManifest.xml:23:13-25:58
107                android:name="android.support.FILE_PROVIDER_PATHS"
107-->[:react-native-image-crop-picker] AndroidManifest.xml:24:17-67
108                android:resource="@xml/provider_paths" />
108-->[:react-native-image-crop-picker] AndroidManifest.xml:25:17-55
109        </provider>
110
111        <activity
111-->[:react-native-image-crop-picker] AndroidManifest.xml:28:9-30:72
112            android:name="com.yalantis.ucrop.UCropActivity"
112-->[:react-native-image-crop-picker] AndroidManifest.xml:29:13-60
113            android:theme="@style/Theme.AppCompat.Light.NoActionBar" />
113-->[:react-native-image-crop-picker] AndroidManifest.xml:30:13-69
114
115        <provider
115-->[:react-native-image-picker] AndroidManifest.xml:10:9-18:20
116            android:name="com.imagepicker.ImagePickerProvider"
116-->[:react-native-image-picker] AndroidManifest.xml:11:13-63
117            android:authorities="com.sfytest.imagepickerprovider"
117-->[:react-native-image-picker] AndroidManifest.xml:12:13-71
118            android:exported="false"
118-->[:react-native-image-picker] AndroidManifest.xml:13:13-37
119            android:grantUriPermissions="true" >
119-->[:react-native-image-picker] AndroidManifest.xml:14:13-47
120            <meta-data
120-->[:react-native-image-crop-picker] AndroidManifest.xml:23:13-25:58
121                android:name="android.support.FILE_PROVIDER_PATHS"
121-->[:react-native-image-crop-picker] AndroidManifest.xml:24:17-67
122                android:resource="@xml/imagepicker_provider_paths" />
122-->[:react-native-image-crop-picker] AndroidManifest.xml:25:17-55
123        </provider>
124        <provider
124-->[:react-native-share] AndroidManifest.xml:10:9-18:20
125            android:name="cl.json.RNShareFileProvider"
125-->[:react-native-share] AndroidManifest.xml:11:13-55
126            android:authorities="com.sfytest.rnshare.fileprovider"
126-->[:react-native-share] AndroidManifest.xml:12:13-72
127            android:exported="false"
127-->[:react-native-share] AndroidManifest.xml:13:13-37
128            android:grantUriPermissions="true" >
128-->[:react-native-share] AndroidManifest.xml:14:13-47
129            <meta-data
129-->[:react-native-image-crop-picker] AndroidManifest.xml:23:13-25:58
130                android:name="android.support.FILE_PROVIDER_PATHS"
130-->[:react-native-image-crop-picker] AndroidManifest.xml:24:17-67
131                android:resource="@xml/share_download_paths" />
131-->[:react-native-image-crop-picker] AndroidManifest.xml:25:17-55
132        </provider>
133
134        <activity
134-->[com.facebook.android:facebook-common:14.1.0] AndroidManifest.xml:30:9-33:66
135            android:name="com.facebook.FacebookActivity"
135-->[com.facebook.android:facebook-common:14.1.0] AndroidManifest.xml:31:13-57
136            android:configChanges="keyboard|keyboardHidden|screenLayout|screenSize|orientation"
136-->[com.facebook.android:facebook-common:14.1.0] AndroidManifest.xml:32:13-96
137            android:theme="@style/com_facebook_activity_theme" />
137-->[com.facebook.android:facebook-common:14.1.0] AndroidManifest.xml:33:13-63
138        <activity android:name="com.facebook.CustomTabMainActivity" />
138-->[com.facebook.android:facebook-common:14.1.0] AndroidManifest.xml:34:9-71
138-->[com.facebook.android:facebook-common:14.1.0] AndroidManifest.xml:34:19-68
139        <activity
139-->[com.facebook.android:facebook-common:14.1.0] AndroidManifest.xml:35:9-49:20
140            android:name="com.facebook.CustomTabActivity"
140-->[com.facebook.android:facebook-common:14.1.0] AndroidManifest.xml:36:13-58
141            android:exported="true" >
141-->[com.facebook.android:facebook-common:14.1.0] AndroidManifest.xml:37:13-36
142            <intent-filter>
142-->[com.facebook.android:facebook-common:14.1.0] AndroidManifest.xml:39:13-48:29
143                <action android:name="android.intent.action.VIEW" />
143-->src\main\AndroidManifest.xml:36:11-63
143-->src\main\AndroidManifest.xml:36:19-60
144
145                <category android:name="android.intent.category.DEFAULT" />
145-->src\main\AndroidManifest.xml:37:11-70
145-->src\main\AndroidManifest.xml:37:21-67
146                <category android:name="android.intent.category.BROWSABLE" />
146-->src\main\AndroidManifest.xml:38:11-72
146-->src\main\AndroidManifest.xml:38:21-69
147
148                <data
148-->src\main\AndroidManifest.xml:39:11-42:13
149                    android:host="cct.com.sfytest"
149-->src\main\AndroidManifest.xml:40:17-49
150                    android:scheme="fbconnect" />
150-->src\main\AndroidManifest.xml:39:17-39
151            </intent-filter>
152        </activity>
153
154        <service
154-->[com.google.android.gms:play-services-mlkit-text-recognition:16.3.0] AndroidManifest.xml:9:9-15:19
155            android:name="com.google.mlkit.common.internal.MlKitComponentDiscoveryService"
155-->[com.google.android.gms:play-services-mlkit-text-recognition:16.3.0] AndroidManifest.xml:10:13-91
156            android:directBootAware="true"
156-->[com.google.mlkit:common:17.2.0] AndroidManifest.xml:17:13-43
157            android:exported="false" >
157-->[com.google.android.gms:play-services-mlkit-text-recognition:16.3.0] AndroidManifest.xml:11:13-37
158            <meta-data
158-->[com.google.android.gms:play-services-mlkit-text-recognition:16.3.0] AndroidManifest.xml:12:13-14:85
159                android:name="com.google.firebase.components:com.google.mlkit.vision.text.internal.TextRegistrar"
159-->[com.google.android.gms:play-services-mlkit-text-recognition:16.3.0] AndroidManifest.xml:13:17-114
160                android:value="com.google.firebase.components.ComponentRegistrar" />
160-->[com.google.android.gms:play-services-mlkit-text-recognition:16.3.0] AndroidManifest.xml:14:17-82
161            <meta-data
161-->[com.google.android.gms:play-services-mlkit-barcode-scanning:16.2.0] AndroidManifest.xml:12:13-14:85
162                android:name="com.google.firebase.components:com.google.mlkit.vision.barcode.internal.BarcodeRegistrar"
162-->[com.google.android.gms:play-services-mlkit-barcode-scanning:16.2.0] AndroidManifest.xml:13:17-120
163                android:value="com.google.firebase.components.ComponentRegistrar" />
163-->[com.google.android.gms:play-services-mlkit-barcode-scanning:16.2.0] AndroidManifest.xml:14:17-82
164            <meta-data
164-->[com.google.android.gms:play-services-mlkit-face-detection:16.2.0] AndroidManifest.xml:12:13-14:85
165                android:name="com.google.firebase.components:com.google.mlkit.vision.face.internal.FaceRegistrar"
165-->[com.google.android.gms:play-services-mlkit-face-detection:16.2.0] AndroidManifest.xml:13:17-114
166                android:value="com.google.firebase.components.ComponentRegistrar" />
166-->[com.google.android.gms:play-services-mlkit-face-detection:16.2.0] AndroidManifest.xml:14:17-82
167            <meta-data
167-->[com.google.mlkit:vision-common:16.5.0] AndroidManifest.xml:12:13-14:85
168                android:name="com.google.firebase.components:com.google.mlkit.vision.common.internal.VisionCommonRegistrar"
168-->[com.google.mlkit:vision-common:16.5.0] AndroidManifest.xml:13:17-124
169                android:value="com.google.firebase.components.ComponentRegistrar" />
169-->[com.google.mlkit:vision-common:16.5.0] AndroidManifest.xml:14:17-82
170            <meta-data
170-->[com.google.mlkit:common:17.2.0] AndroidManifest.xml:20:13-22:85
171                android:name="com.google.firebase.components:com.google.mlkit.common.internal.CommonComponentRegistrar"
171-->[com.google.mlkit:common:17.2.0] AndroidManifest.xml:21:17-120
172                android:value="com.google.firebase.components.ComponentRegistrar" />
172-->[com.google.mlkit:common:17.2.0] AndroidManifest.xml:22:17-82
173        </service>
174
175        <provider
175-->[com.google.mlkit:common:17.2.0] AndroidManifest.xml:9:9-13:38
176            android:name="com.google.mlkit.common.internal.MlKitInitProvider"
176-->[com.google.mlkit:common:17.2.0] AndroidManifest.xml:10:13-78
177            android:authorities="com.sfytest.mlkitinitprovider"
177-->[com.google.mlkit:common:17.2.0] AndroidManifest.xml:11:13-69
178            android:exported="false"
178-->[com.google.mlkit:common:17.2.0] AndroidManifest.xml:12:13-37
179            android:initOrder="99" />
179-->[com.google.mlkit:common:17.2.0] AndroidManifest.xml:13:13-35
180
181        <service
181-->[com.google.android.datatransport:transport-backend-cct:2.3.3] AndroidManifest.xml:29:9-35:19
182            android:name="com.google.android.datatransport.runtime.backends.TransportBackendDiscovery"
182-->[com.google.android.datatransport:transport-backend-cct:2.3.3] AndroidManifest.xml:30:13-103
183            android:exported="false" >
183-->[com.google.android.datatransport:transport-backend-cct:2.3.3] AndroidManifest.xml:31:13-37
184            <meta-data
184-->[com.google.android.datatransport:transport-backend-cct:2.3.3] AndroidManifest.xml:32:13-34:39
185                android:name="backend:com.google.android.datatransport.cct.CctBackendFactory"
185-->[com.google.android.datatransport:transport-backend-cct:2.3.3] AndroidManifest.xml:33:17-94
186                android:value="cct" />
186-->[com.google.android.datatransport:transport-backend-cct:2.3.3] AndroidManifest.xml:34:17-36
187        </service>
188        <service
188-->[com.google.android.gms:play-services-measurement-api:19.0.2] AndroidManifest.xml:27:9-33:19
189            android:name="com.google.firebase.components.ComponentDiscoveryService"
189-->[com.google.android.gms:play-services-measurement-api:19.0.2] AndroidManifest.xml:28:13-84
190            android:directBootAware="true"
190-->[com.google.firebase:firebase-common:20.0.0] AndroidManifest.xml:35:13-43
191            android:exported="false" >
191-->[com.google.android.gms:play-services-measurement-api:19.0.2] AndroidManifest.xml:29:13-37
192            <meta-data
192-->[com.google.android.gms:play-services-measurement-api:19.0.2] AndroidManifest.xml:30:13-32:85
193                android:name="com.google.firebase.components:com.google.firebase.analytics.connector.internal.AnalyticsConnectorRegistrar"
193-->[com.google.android.gms:play-services-measurement-api:19.0.2] AndroidManifest.xml:31:17-139
194                android:value="com.google.firebase.components.ComponentRegistrar" />
194-->[com.google.android.gms:play-services-measurement-api:19.0.2] AndroidManifest.xml:32:17-82
195            <meta-data
195-->[com.google.firebase:firebase-installations:17.0.0] AndroidManifest.xml:18:13-20:85
196                android:name="com.google.firebase.components:com.google.firebase.installations.FirebaseInstallationsRegistrar"
196-->[com.google.firebase:firebase-installations:17.0.0] AndroidManifest.xml:19:17-127
197                android:value="com.google.firebase.components.ComponentRegistrar" />
197-->[com.google.firebase:firebase-installations:17.0.0] AndroidManifest.xml:20:17-82
198        </service>
199
200        <provider
200-->[com.google.firebase:firebase-common:20.0.0] AndroidManifest.xml:26:9-31:39
201            android:name="com.google.firebase.provider.FirebaseInitProvider"
201-->[com.google.firebase:firebase-common:20.0.0] AndroidManifest.xml:27:13-77
202            android:authorities="com.sfytest.firebaseinitprovider"
202-->[com.google.firebase:firebase-common:20.0.0] AndroidManifest.xml:28:13-72
203            android:directBootAware="true"
203-->[com.google.firebase:firebase-common:20.0.0] AndroidManifest.xml:29:13-43
204            android:exported="false"
204-->[com.google.firebase:firebase-common:20.0.0] AndroidManifest.xml:30:13-37
205            android:initOrder="100" />
205-->[com.google.firebase:firebase-common:20.0.0] AndroidManifest.xml:31:13-36
206
207        <activity
207-->[com.stripe:paymentsheet:18.1.0] AndroidManifest.xml:10:9-13:69
208            android:name="com.stripe.android.paymentsheet.PaymentSheetActivity"
208-->[com.stripe:paymentsheet:18.1.0] AndroidManifest.xml:11:13-80
209            android:exported="false"
209-->[com.stripe:paymentsheet:18.1.0] AndroidManifest.xml:12:13-37
210            android:theme="@style/StripePaymentSheetDefaultTheme" />
210-->[com.stripe:paymentsheet:18.1.0] AndroidManifest.xml:13:13-66
211        <activity
211-->[com.stripe:paymentsheet:18.1.0] AndroidManifest.xml:14:9-17:69
212            android:name="com.stripe.android.paymentsheet.PaymentOptionsActivity"
212-->[com.stripe:paymentsheet:18.1.0] AndroidManifest.xml:15:13-82
213            android:exported="false"
213-->[com.stripe:paymentsheet:18.1.0] AndroidManifest.xml:16:13-37
214            android:theme="@style/StripePaymentSheetDefaultTheme" />
214-->[com.stripe:paymentsheet:18.1.0] AndroidManifest.xml:17:13-66
215        <activity
215-->[com.stripe:payments-core:18.1.0] AndroidManifest.xml:17:9-20:57
216            android:name="com.stripe.android.view.AddPaymentMethodActivity"
216-->[com.stripe:payments-core:18.1.0] AndroidManifest.xml:18:13-76
217            android:exported="false"
217-->[com.stripe:payments-core:18.1.0] AndroidManifest.xml:19:13-37
218            android:theme="@style/StripeDefaultTheme" />
218-->[com.stripe:payments-core:18.1.0] AndroidManifest.xml:20:13-54
219        <activity
219-->[com.stripe:payments-core:18.1.0] AndroidManifest.xml:21:9-24:57
220            android:name="com.stripe.android.view.PaymentMethodsActivity"
220-->[com.stripe:payments-core:18.1.0] AndroidManifest.xml:22:13-74
221            android:exported="false"
221-->[com.stripe:payments-core:18.1.0] AndroidManifest.xml:23:13-37
222            android:theme="@style/StripeDefaultTheme" />
222-->[com.stripe:payments-core:18.1.0] AndroidManifest.xml:24:13-54
223        <activity
223-->[com.stripe:payments-core:18.1.0] AndroidManifest.xml:25:9-28:57
224            android:name="com.stripe.android.view.PaymentFlowActivity"
224-->[com.stripe:payments-core:18.1.0] AndroidManifest.xml:26:13-71
225            android:exported="false"
225-->[com.stripe:payments-core:18.1.0] AndroidManifest.xml:27:13-37
226            android:theme="@style/StripeDefaultTheme" />
226-->[com.stripe:payments-core:18.1.0] AndroidManifest.xml:28:13-54
227        <activity
227-->[com.stripe:payments-core:18.1.0] AndroidManifest.xml:29:9-33:58
228            android:name="com.stripe.android.view.PaymentAuthWebViewActivity"
228-->[com.stripe:payments-core:18.1.0] AndroidManifest.xml:30:13-78
229            android:exported="false"
229-->[com.stripe:payments-core:18.1.0] AndroidManifest.xml:31:13-37
230            android:theme="@style/StripeDefaultTheme"
230-->[com.stripe:payments-core:18.1.0] AndroidManifest.xml:32:13-54
231            android:windowSoftInputMode="adjustResize" />
231-->[com.stripe:payments-core:18.1.0] AndroidManifest.xml:33:13-55
232        <activity
232-->[com.stripe:payments-core:18.1.0] AndroidManifest.xml:34:9-37:61
233            android:name="com.stripe.android.view.PaymentRelayActivity"
233-->[com.stripe:payments-core:18.1.0] AndroidManifest.xml:35:13-72
234            android:exported="false"
234-->[com.stripe:payments-core:18.1.0] AndroidManifest.xml:36:13-37
235            android:theme="@style/StripeTransparentTheme" />
235-->[com.stripe:payments-core:18.1.0] AndroidManifest.xml:37:13-58
236        <!--
237        Set android:launchMode="singleTop" so that the StripeBrowserLauncherActivity instance that
238        launched the browser Activity will also handle the return URL deep link.
239        -->
240        <activity
240-->[com.stripe:payments-core:18.1.0] AndroidManifest.xml:43:9-60:20
241            android:name="com.stripe.android.payments.StripeBrowserLauncherActivity"
241-->[com.stripe:payments-core:18.1.0] AndroidManifest.xml:44:13-85
242            android:exported="true"
242-->[com.stripe:payments-core:18.1.0] AndroidManifest.xml:45:13-36
243            android:launchMode="singleTask"
243-->[com.stripe:payments-core:18.1.0] AndroidManifest.xml:46:13-44
244            android:theme="@style/StripeTransparentTheme" >
244-->[com.stripe:payments-core:18.1.0] AndroidManifest.xml:47:13-58
245            <intent-filter>
245-->[com.stripe:payments-core:18.1.0] AndroidManifest.xml:48:13-59:29
246                <action android:name="android.intent.action.VIEW" />
246-->src\main\AndroidManifest.xml:36:11-63
246-->src\main\AndroidManifest.xml:36:19-60
247
248                <category android:name="android.intent.category.DEFAULT" />
248-->src\main\AndroidManifest.xml:37:11-70
248-->src\main\AndroidManifest.xml:37:21-67
249                <category android:name="android.intent.category.BROWSABLE" />
249-->src\main\AndroidManifest.xml:38:11-72
249-->src\main\AndroidManifest.xml:38:21-69
250
251                <!-- Must match `DefaultReturnUrl#value`. -->
252                <data
252-->src\main\AndroidManifest.xml:39:11-42:13
253                    android:host="payment_return_url"
253-->src\main\AndroidManifest.xml:40:17-49
254                    android:path="/com.sfytest"
255                    android:scheme="stripesdk" />
255-->src\main\AndroidManifest.xml:39:17-39
256            </intent-filter>
257        </activity>
258        <activity
258-->[com.stripe:payments-core:18.1.0] AndroidManifest.xml:61:9-64:57
259            android:name="com.stripe.android.payments.core.authentication.threeds2.Stripe3ds2TransactionActivity"
259-->[com.stripe:payments-core:18.1.0] AndroidManifest.xml:62:13-114
260            android:exported="false"
260-->[com.stripe:payments-core:18.1.0] AndroidManifest.xml:63:13-37
261            android:theme="@style/StripeDefaultTheme" />
261-->[com.stripe:payments-core:18.1.0] AndroidManifest.xml:64:13-54
262        <activity
262-->[com.stripe:payments-core:18.1.0] AndroidManifest.xml:65:9-68:66
263            android:name="com.stripe.android.googlepaylauncher.StripeGooglePayActivity"
263-->[com.stripe:payments-core:18.1.0] AndroidManifest.xml:66:13-88
264            android:exported="false"
264-->[com.stripe:payments-core:18.1.0] AndroidManifest.xml:67:13-37
265            android:theme="@style/StripeGooglePayDefaultTheme" />
265-->[com.stripe:payments-core:18.1.0] AndroidManifest.xml:68:13-63
266        <activity
266-->[com.stripe:payments-core:18.1.0] AndroidManifest.xml:69:9-72:66
267            android:name="com.stripe.android.googlepaylauncher.GooglePayLauncherActivity"
267-->[com.stripe:payments-core:18.1.0] AndroidManifest.xml:70:13-90
268            android:exported="false"
268-->[com.stripe:payments-core:18.1.0] AndroidManifest.xml:71:13-37
269            android:theme="@style/StripeGooglePayDefaultTheme" />
269-->[com.stripe:payments-core:18.1.0] AndroidManifest.xml:72:13-63
270        <activity
270-->[com.stripe:payments-core:18.1.0] AndroidManifest.xml:73:9-76:66
271            android:name="com.stripe.android.googlepaylauncher.GooglePayPaymentMethodLauncherActivity"
271-->[com.stripe:payments-core:18.1.0] AndroidManifest.xml:74:13-103
272            android:exported="false"
272-->[com.stripe:payments-core:18.1.0] AndroidManifest.xml:75:13-37
273            android:theme="@style/StripeGooglePayDefaultTheme" />
273-->[com.stripe:payments-core:18.1.0] AndroidManifest.xml:76:13-63
274        <activity
274-->[com.stripe:payments-core:18.1.0] AndroidManifest.xml:77:9-80:62
275            android:name="com.stripe.android.payments.paymentlauncher.PaymentLauncherConfirmationActivity"
275-->[com.stripe:payments-core:18.1.0] AndroidManifest.xml:78:13-107
276            android:exported="false"
276-->[com.stripe:payments-core:18.1.0] AndroidManifest.xml:79:13-37
277            android:theme="@style/PayLauncherDefaultTheme" />
277-->[com.stripe:payments-core:18.1.0] AndroidManifest.xml:80:13-59
278        <activity
278-->[com.stripe:stripe-3ds2-android:6.1.2] AndroidManifest.xml:10:9-13:54